<?xml version="1.0" encoding="UTF-8"?>
<testng-results skipped="0" failed="0" ignored="0" total="1" passed="1">
  <reporter-output>
  </reporter-output>
  <suite name="Default suite" duration-ms="34810" started-at="2022-03-31T16:11:52 IST" finished-at="2022-03-31T16:12:27 IST">
    <groups>
    </groups>
    <test name="Default test" duration-ms="34810" started-at="2022-03-31T16:11:52 IST" finished-at="2022-03-31T16:12:27 IST">
      <class name="com.testng.Test_Testng">
        <test-method status="PASS" signature="property()[pri:0, instance:com.testng.Test_Testng@46daef40]" name="property" is-config="true" duration-ms="6" started-at="2022-03-31T16:11:52 IST" finished-at="2022-03-31T16:11:52 IST">
          <reporter-output>
          </reporter-output>
        </test-method> <!-- property -->
        <test-method status="PASS" signature="browser()[pri:0, instance:com.testng.Test_Testng@46daef40]" name="browser" is-config="true" duration-ms="1778" started-at="2022-03-31T16:11:52 IST" finished-at="2022-03-31T16:11:54 IST">
          <reporter-output>
          </reporter-output>
        </test-method> <!-- browser -->
        <test-method status="PASS" signature="url()[pri:0, instance:com.testng.Test_Testng@46daef40]" name="url" is-config="true" duration-ms="10173" started-at="2022-03-31T16:11:54 IST" finished-at="2022-03-31T16:12:04 IST">
          <reporter-output>
          </reporter-output>
        </test-method> <!-- url -->
        <test-method status="PASS" signature="sign_In()[pri:0, instance:com.testng.Test_Testng@46daef40]" name="sign_In" is-config="true" duration-ms="7250" started-at="2022-03-31T16:12:04 IST" finished-at="2022-03-31T16:12:12 IST">
          <reporter-output>
          </reporter-output>
        </test-method> <!-- sign_In -->
        <test-method status="PASS" signature="dress()[pri:0, instance:com.testng.Test_Testng@46daef40]" name="dress" duration-ms="3821" started-at="2022-03-31T16:12:12 IST" finished-at="2022-03-31T16:12:16 IST">
          <reporter-output>
          </reporter-output>
        </test-method> <!-- dress -->
        <test-method status="PASS" signature="sign_Out()[pri:0, instance:com.testng.Test_Testng@46daef40]" name="sign_Out" is-config="true" duration-ms="11627" started-at="2022-03-31T16:12:16 IST" finished-at="2022-03-31T16:12:27 IST">
          <reporter-output>
          </reporter-output>
        </test-method> <!-- sign_Out -->
        <test-method status="PASS" signature="close()[pri:0, instance:com.testng.Test_Testng@46daef40]" name="close" is-config="true" duration-ms="77" started-at="2022-03-31T16:12:27 IST" finished-at="2022-03-31T16:12:27 IST">
          <reporter-output>
          </reporter-output>
        </test-method> <!-- close -->
        <test-method status="PASS" signature="verify()[pri:0, instance:com.testng.Test_Testng@46daef40]" name="verify" is-config="true" duration-ms="0" started-at="2022-03-31T16:12:27 IST" finished-at="2022-03-31T16:12:27 IST">
          <reporter-output>
          </reporter-output>
        </test-method> <!-- verify -->
        <test-method status="FAIL" signature="cookies()[pri:0, instance:com.testng.Test_Testng@46daef40]" name="cookies" is-config="true" duration-ms="71" started-at="2022-03-31T16:12:27 IST" finished-at="2022-03-31T16:12:27 IST">
          <exception class="org.openqa.selenium.NoSuchSessionException">
            <message>
              <![CDATA[invalid session id
Build info: version: '3.141.59', revision: 'e82be7d358', time: '2018-11-14T08:17:03'
System info: host: 'LAPTOP-54VNB7BN', ip: '192.168.0.106', os.name: 'Windows 11', os.arch: 'amd64', os.version: '10.0', java.version: '1.8.0_321'
Driver info: org.openqa.selenium.chrome.ChromeDriver
Capabilities {acceptInsecureCerts: false, browserName: chrome, browserVersion: 99.0.4844.82, chrome: {chromedriverVersion: 98.0.4758.80 (7f0488e8ba0d8..., userDataDir: C:\Users\yogak\AppData\Loca...}, goog:chromeOptions: {debuggerAddress: localhost:61012}, javascriptEnabled: true, networkConnectionEnabled: false, pageLoadStrategy: normal, platform: WINDOWS, platformName: WINDOWS, proxy: Proxy(), setWindowRect: true, strictFileInteractability: false, timeouts: {implicit: 0, pageLoad: 300000, script: 30000}, unhandledPromptBehavior: dismiss and notify, webauthn:extension:credBlob: true, webauthn:extension:largeBlob: true, webauthn:virtualAuthenticators: true}
Session ID: cb143db96fd295cc2dce7a89781ba81c]]>
            </message>
            <full-stacktrace>
              <![CDATA[org.openqa.selenium.NoSuchSessionException: invalid session id
Build info: version: '3.141.59', revision: 'e82be7d358', time: '2018-11-14T08:17:03'
System info: host: 'LAPTOP-54VNB7BN', ip: '192.168.0.106', os.name: 'Windows 11', os.arch: 'amd64', os.version: '10.0', java.version: '1.8.0_321'
Driver info: org.openqa.selenium.chrome.ChromeDriver
Capabilities {acceptInsecureCerts: false, browserName: chrome, browserVersion: 99.0.4844.82, chrome: {chromedriverVersion: 98.0.4758.80 (7f0488e8ba0d8..., userDataDir: C:\Users\yogak\AppData\Loca...}, goog:chromeOptions: {debuggerAddress: localhost:61012}, javascriptEnabled: true, networkConnectionEnabled: false, pageLoadStrategy: normal, platform: WINDOWS, platformName: WINDOWS, proxy: Proxy(), setWindowRect: true, strictFileInteractability: false, timeouts: {implicit: 0, pageLoad: 300000, script: 30000}, unhandledPromptBehavior: dismiss and notify, webauthn:extension:credBlob: true, webauthn:extension:largeBlob: true, webauthn:virtualAuthenticators: true}
Session ID: cb143db96fd295cc2dce7a89781ba81c
at sun.reflect.NativeConstructorAccessorImpl.newInstance0(Native Method)
at sun.reflect.NativeConstructorAccessorImpl.newInstance(Unknown Source)
at sun.reflect.DelegatingConstructorAccessorImpl.newInstance(Unknown Source)
at java.lang.reflect.Constructor.newInstance(Unknown Source)
at org.openqa.selenium.remote.http.W3CHttpResponseCodec.createException(W3CHttpResponseCodec.java:187)
at org.openqa.selenium.remote.http.W3CHttpResponseCodec.decode(W3CHttpResponseCodec.java:122)
at org.openqa.selenium.remote.http.W3CHttpResponseCodec.decode(W3CHttpResponseCodec.java:49)
at org.openqa.selenium.remote.HttpCommandExecutor.execute(HttpCommandExecutor.java:158)
at org.openqa.selenium.remote.service.DriverCommandExecutor.execute(DriverCommandExecutor.java:83)
at org.openqa.selenium.remote.RemoteWebDriver.execute(RemoteWebDriver.java:552)
at org.openqa.selenium.remote.RemoteWebDriver.execute(RemoteWebDriver.java:609)
at org.openqa.selenium.remote.RemoteWebDriver$RemoteWebDriverOptions.deleteAllCookies(RemoteWebDriver.java:694)
at com.testng.Test_Testng.cookies(Test_Testng.java:68)
at sun.reflect.NativeMethodAccessorImpl.invoke0(Native Method)
at sun.reflect.NativeMethodAccessorImpl.invoke(Unknown Source)
at sun.reflect.DelegatingMethodAccessorImpl.invoke(Unknown Source)
at java.lang.reflect.Method.invoke(Unknown Source)
at org.testng.internal.MethodInvocationHelper.invokeMethod(MethodInvocationHelper.java:133)
at org.testng.internal.MethodInvocationHelper.invokeMethodConsideringTimeout(MethodInvocationHelper.java:62)
at org.testng.internal.ConfigInvoker.invokeConfigurationMethod(ConfigInvoker.java:385)
at org.testng.internal.ConfigInvoker.invokeConfigurations(ConfigInvoker.java:321)
at org.testng.SuiteRunner.privateRun(SuiteRunner.java:344)
at org.testng.SuiteRunner.run(SuiteRunner.java:276)
at org.testng.SuiteRunnerWorker.runSuite(SuiteRunnerWorker.java:53)
at org.testng.SuiteRunnerWorker.run(SuiteRunnerWorker.java:96)
at org.testng.TestNG.runSuitesSequentially(TestNG.java:1212)
at org.testng.TestNG.runSuitesLocally(TestNG.java:1134)
at org.testng.TestNG.runSuites(TestNG.java:1063)
at org.testng.TestNG.run(TestNG.java:1031)
at org.testng.remote.AbstractRemoteTestNG.run(AbstractRemoteTestNG.java:115)
at org.testng.remote.RemoteTestNG.initAndRun(RemoteTestNG.java:251)
at org.testng.remote.RemoteTestNG.main(RemoteTestNG.java:77)
]]>
            </full-stacktrace>
          </exception> <!-- org.openqa.selenium.NoSuchSessionException -->
          <reporter-output>
          </reporter-output>
        </test-method> <!-- cookies -->
      </class> <!-- com.testng.Test_Testng -->
    </test> <!-- Default test -->
  </suite> <!-- Default suite -->
</testng-results>
